top of GET /users/jdoe
top of GET /users/jdoe
[DJANGO] DEBUG 2018-04-02 14:03:56,286 views service.views.get:164: top of GET /users/jdoe
[DJANGO] DEBUG 2018-04-02 14:04:08,386 views service.views.get:90: top of GET /users
[DJANGO] DEBUG 2018-04-02 14:04:30,441 views service.views.post:122: top of POST /users
[DJANGO] DEBUG 2018-04-02 14:04:30,446 util service.util.save_ldap_user:97: saver object is a serializer
[DJANGO] INFO 2018-04-02 14:04:30,451 util service.util.save_ldap_user:106: saved object. saver_object: LdapUserSerializer(data=<QueryDict: {u'username': [u'jsmith'], u'password': [u'abcde123'], u'email': [u'jsmith@test.com']}>):
    first_name = CharField(allow_blank=True, max_length=200, required=False)
    last_name = CharField(allow_blank=True, max_length=200, required=False)
    full_name = CharField(allow_blank=True, max_length=200, required=False)
    email = CharField(max_length=200)
    phone = CharField(allow_blank=True, max_length=200, required=False)
    mobile_phone = CharField(allow_blank=True, max_length=200, required=False)
    status = CharField(allow_blank=True, max_length=200, required=False)
    create_time = CharField(allow_blank=True, max_length=200, required=False)
    uid = IntegerField(required=False, validators=[<UniqueValidator(queryset=LdapUser.objects.all())>])
    username = CharField(max_length=200, validators=[<UniqueValidator(queryset=LdapUser.objects.all())>])
    password = CharField(allow_blank=True, max_length=200, required=False)
[DJANGO] INFO 2018-04-02 14:04:30,451 views service.views.post:139: user jsmith saved in db
[DJANGO] DEBUG 2018-04-02 14:04:30,451 views service.views.post:146: creating a notification for new user: jsmith
